
=== Slack ===
Hey team, just pushed the latest changes to the feature branch.
Please take a look when you get a chance.
[10:05]
@john I think I found the issue with the keylogger. It's related to how we handle backspace in the buffer.
[14:15]
The PR is ready for review! 🎉
[16:22]
Heads up - I'm starting on the screenshot feature now. Should have something to show tomorrow.

=== Google Chrome ===
thought-logger electron keyboard monitoring typescript
[10:45]
github.com pull request create
[15:48]
electron desktopCapturer documentation

=== Code - Insiders ===
import { app } from 'electron';
import { Keylogger } from './keylogger';

export function initialize() {
  app.whenReady().then(() => {
    Keylogger.start();
  });
}
[09:52]
// TODO: Fix the backspace handling in processRawText
// The buffer needs to properly track deletions
[10:12]
function processRawText(text: string): string {
  let buffer = '';
  for (const char of text) {
    if (char === '⌫') {
      buffer = buffer.slice(0, -1);
    } else {
      buffer += char;
    }
  }
  return buffer;
}
[11:18]
describe('processRawText', () => {
  it('should handle backspaces correctly', () => {
    const result = processRawText('hello⌫⌫⌣p');
    expect(result).toBe('help');
  });
});
[14:35]
// Next: implement screenshot capture
async function captureScreen(): Promise<Buffer> {
  const sources = await desktopCapturer.getSources({
    types: ['screen']
  });
  return sources[0].thumbnail.toPNG();
}

=== Terminal ===
cd ~/projects/thought-logger
yarn install
yarn dev
[10:28]
git status
git add .
git commit -m "Fix backspace handling in processRawText"
git push origin feature/keylogger-fix
[11:32]
yarn test

PASS  src/keylogger.test.ts
[16:05]
git add . && git commit -m "Add screenshot capture functionality"

=== Notion ===
## Weekly Goals
- [ ] Complete keylogger refactor
- [ ] Write unit tests
- [ ] Update documentation
